<?xml version="1.0" encoding="UTF-8"?>
<testng-results ignored="0" total="1" passed="1" failed="0" skipped="0">
  <reporter-output>
  </reporter-output>
  <suite started-at="2025-06-03T18:47:02 IST" name="Suite" finished-at="2025-06-03T18:47:20 IST" duration-ms="18300">
    <groups>
    </groups>
    <test started-at="2025-06-03T18:47:02 IST" name="Test" finished-at="2025-06-03T18:47:20 IST" duration-ms="18300">
      <class name="com.mystore.testcases.TC_ProductPageTest">
        <test-method is-config="true" signature="setup()[pri:0, instance:com.mystore.testcases.TC_ProductPageTest@564fabc8]" started-at="2025-06-03T18:47:02 IST" name="setup" finished-at="2025-06-03T18:47:11 IST" duration-ms="8615" status="PASS">
          <reporter-output>
          </reporter-output>
        </test-method> <!-- setup -->
        <test-method signature="VerifySearchProduct()[pri:0, instance:com.mystore.testcases.TC_ProductPageTest@564fabc8]" started-at="2025-06-03T18:47:11 IST" name="VerifySearchProduct" finished-at="2025-06-03T18:47:20 IST" duration-ms="8495" status="PASS">
          <reporter-output>
          </reporter-output>
        </test-method> <!-- VerifySearchProduct -->
        <test-method is-config="true" signature="tearDown()[pri:0, instance:com.mystore.testcases.TC_ProductPageTest@564fabc8]" started-at="2025-06-03T18:47:20 IST" name="tearDown" finished-at="2025-06-03T18:47:20 IST" duration-ms="827" status="PASS">
          <reporter-output>
          </reporter-output>
        </test-method> <!-- tearDown -->
      </class> <!-- com.mystore.testcases.TC_ProductPageTest -->
    </test> <!-- Test -->
  </suite> <!-- Suite -->
</testng-results>
