<?xml version="1.0" encoding="UTF-8"?>
<testsuite xmlns:xsi="http://www.w3.org/2001/XMLSchema-instance" xsi:noNamespaceSchemaLocation="https://maven.apache.org/surefire/maven-surefire-plugin/xsd/surefire-test-report-3.0.xsd" version="3.0" name="TestSuite" time="19.775" tests="1" errors="0" skipped="0" failures="0">
  <properties>
[...]
</properties>
  <testcase name="VerifySearchProduct" classname="com.mystore.testcases.TC_ProductPageTest" time="8.521">
    <system-out><![CDATA[On Start method invoked....
[INFO ] 2025-06-03 18:47:11.597 [main] MyStoreV1 - URL opened: http://www.automationpractice.pl/index.php
Name of test method started:VerifySearchProduct
[INFO ] 2025-06-03 18:47:11.639 [main] MyStoreV1 - ***************TestCase search product started*****************
[INFO ] 2025-06-03 18:47:13.142 [main] MyStoreV1 - Clicked on sign in link
[INFO ] 2025-06-03 18:47:13.354 [main] MyStoreV1 - Entered email address
[INFO ] 2025-06-03 18:47:13.487 [main] MyStoreV1 - Entered password
[INFO ] 2025-06-03 18:47:14.813 [main] MyStoreV1 - Clicked on Login in link..
[INFO ] 2025-06-03 18:47:18.892 [main] MyStoreV1 - Searched product test case - passed
[INFO ] 2025-06-03 18:47:20.125 [main] MyStoreV1 - ***************TestCase Search Product ends*****************
Name of test method sucessfully executed:VerifySearchProduct
]]></system-out>
    <system-err><![CDATA[SLF4J: Failed to load class "org.slf4j.impl.StaticLoggerBinder".
SLF4J: Defaulting to no-operation (NOP) logger implementation
SLF4J: See http://www.slf4j.org/codes.html#StaticLoggerBinder for further details.
Jun 03, 2025 6:47:05 PM org.openqa.selenium.devtools.CdpVersionFinder findNearestMatch
WARNING: Unable to find an exact match for CDP version 136, returning the closest version; found: 134; Please update to a Selenium version that supports CDP version 136
]]></system-err>
  </testcase>
</testsuite>